app/src/main/res/build/outputs/logs/manifest-merger-debug-report.txt
-- Merging decision tree log ---
manifest
ADDED from AndroidManifest.xml:2:1
	xmlns:android
		ADDED from AndroidManifest.xml:2:11
	package
		ADDED from AndroidManifest.xml:3:5
		INJECTED from AndroidManifest.xml:0:0
		INJECTED from AndroidManifest.xml:0:0
	android:versionName
		INJECTED from AndroidManifest.xml:0:0
		INJECTED from AndroidManifest.xml:0:0
	android:versionCode
		INJECTED from AndroidManifest.xml:0:0
		INJECTED from AndroidManifest.xml:0:0
uses-permission#android.permission.INTERNET
ADDED from AndroidManifest.xml:5:5
	android:name
		ADDED from AndroidManifest.xml:5:22
uses-permission#android.permission.ACCESS_NETWORK_STATE
ADDED from AndroidManifest.xml:6:5
	android:name
		ADDED from AndroidManifest.xml:6:22
uses-permission#android.permission.CALL_PHONE
ADDED from AndroidManifest.xml:7:5
	android:name
		ADDED from AndroidManifest.xml:7:22
application
ADDED from AndroidManifest.xml:9:5
MERGED from com.android.support:appcompat-v7:22.2.0:22:5
MERGED from com.android.support:support-v4:22.2.0:22:5
MERGED from com.android.support:cardview-v7:21.0.3:16:5
MERGED from com.android.support:support-v4:22.2.0:22:5
	android:label
		ADDED from AndroidManifest.xml:13:9
	android:allowBackup
		ADDED from AndroidManifest.xml:11:9
	android:icon
		ADDED from AndroidManifest.xml:12:9
	android:theme
		ADDED from AndroidManifest.xml:14:9
	android:name
		ADDED from AndroidManifest.xml:10:9
service#com.octo.android.robospice.Jackson2SpringAndroidSpiceService
ADDED from AndroidManifest.xml:15:9
	android:exported
		ADDED from AndroidManifest.xml:17:13
	android:name
		ADDED from AndroidManifest.xml:16:13
activity#net.atos.interestingplaces.ui.SplashActivity
ADDED from AndroidManifest.xml:19:9
	android:label
		ADDED from AndroidManifest.xml:21:13
	android:name
		ADDED from AndroidManifest.xml:20:13
activity#net.atos.interestingplaces.ui.PlacesList
ADDED from AndroidManifest.xml:28:9
	android:label
		ADDED from AndroidManifest.xml:30:13
	android:name
		ADDED from AndroidManifest.xml:29:13
intent-filter#android.intent.action.MAIN+android.intent.category.LAUNCHER
ADDED from AndroidManifest.xml:32:13
action#android.intent.action.MAIN
ADDED from AndroidManifest.xml:33:17
	android:name
		ADDED from AndroidManifest.xml:33:25
category#android.intent.category.LAUNCHER
ADDED from AndroidManifest.xml:35:17
	android:name
		ADDED from AndroidManifest.xml:35:27
intent-filter#android.intent.action.search
ADDED from AndroidManifest.xml:38:13
action#android.intent.action.search
ADDED from AndroidManifest.xml:39:17
	android:name
		ADDED from AndroidManifest.xml:39:25
meta-data#android.app.searchable
ADDED from AndroidManifest.xml:42:13
	android:resource
		ADDED from AndroidManifest.xml:44:17
	android:name
		ADDED from AndroidManifest.xml:43:17
activity#net.atos.interestingplaces.ui.PlaceDetails
ADDED from AndroidManifest.xml:47:9
	android:label
		ADDED from AndroidManifest.xml:49:13
	android:parentActivityName
		ADDED from AndroidManifest.xml:50:13
	android:name
		ADDED from AndroidManifest.xml:48:13
meta-data#android.support.PARENT_ACTIVITY
ADDED from AndroidManifest.xml:51:13
	android:name
		ADDED from AndroidManifest.xml:52:17
	android:value
		ADDED from AndroidManifest.xml:53:17
uses-sdk
INJECTED from AndroidManifest.xml:0:0 reason: use-sdk injection requested
MERGED from com.android.support:appcompat-v7:22.2.0:20:5
MERGED from com.android.support:support-v4:22.2.0:20:5
MERGED from com.android.support:cardview-v7:21.0.3:15:5
MERGED from com.android.support:support-v4:22.2.0:20:5
	android:targetSdkVersion
		INJECTED from AndroidManifest.xml:0:0
		INJECTED from AndroidManifest.xml:0:0
	android:minSdkVersion
		INJECTED from AndroidManifest.xml:0:0
		INJECTED from AndroidManifest.xml:0:0